<?xml version="1.0" encoding="UTF-8"?>
<!-- Generated by org.testng.reporters.JUnitReportReporter -->
<testsuite hostname="LAPTOP-MV8D8OCH" failures="0" tests="1" name="testclasses.VerifyUserLogin" time="7.191" errors="0" timestamp="2022-07-25T15:54:44 IST" skipped="0">
  <testcase classname="testclasses.VerifyUserLogin" name="VerifyUserCanLogin" time="7.191"/>
  <system-out/>
</testsuite> <!-- testclasses.VerifyUserLogin -->
